This is pdfTeX, Version 3.141592653-2.6-1.40.22 (MiKTeX 21.2) (preloaded format=pdflatex 2021.5.13)  14 MAY 2021 12:23
entering extended mode
**./chap10.tex
(chap10.tex
LaTeX2e <2020-10-01> patch level 4
L3 programming layer <2021-02-18> xparse <2020-03-03>
! Undefined control sequence.
l.4 \chapter
            {Publications \& Certificates}
The control sequence at the end of the top line
of your error message was never \def'ed. If you have
misspelled it (e.g., `\hobx'), type `I' and the correct
spelling (e.g., `I\hbox'). Otherwise just continue,
and I'll forget about whatever was undefined.


! LaTeX Error: Missing \begin{document}.

See the LaTeX manual or LaTeX Companion for explanation.
Type  H <return>  for immediate help.
 ...                                              
                                                  
l.4 \chapter{P
              ublications \& Certificates}
You're in trouble here.  Try typing  <return>  to proceed.
If that doesn't work, type  X <return>  to quit.

Missing character: There is no P in font nullfont!
Missing character: There is no u in font nullfont!
Missing character: There is no b in font nullfont!
Missing character: There is no l in font nullfont!
Missing character: There is no i in font nullfont!
Missing character: There is no c in font nullfont!
Missing character: There is no a in font nullfont!
Missing character: There is no t in font nullfont!
Missing character: There is no i in font nullfont!
Missing character: There is no o in font nullfont!
Missing character: There is no n in font nullfont!
Missing character: There is no s in font nullfont!
Missing character: There is no & in font nullfont!
Missing character: There is no C in font nullfont!
Missing character: There is no e in font nullfont!
Missing character: There is no r in font nullfont!
Missing character: There is no t in font nullfont!
Missing character: There is no i in font nullfont!
Missing character: There is no f in font nullfont!
Missing character: There is no i in font nullfont!
Missing character: There is no c in font nullfont!
Missing character: There is no a in font nullfont!
Missing character: There is no t in font nullfont!
Missing character: There is no e in font nullfont!
Missing character: There is no s in font nullfont!

Overfull \hbox (20.0pt too wide) in paragraph at lines 4--5
[]
 []


! LaTeX Error: Missing \begin{document}.

See the LaTeX manual or LaTeX Companion for explanation.
Type  H <return>  for immediate help.
 ...                                              
                                                  
l.7  \textbf{Avishkar Certificate}
                                  
You're in trouble here.  Try typing  <return>  to proceed.
If that doesn't work, type  X <return>  to quit.


Overfull \hbox (64.64001pt too wide) in paragraph at lines 7--9
[]\OT1/cmr/bx/n/10 Avishkar
 []


Overfull \hbox (22.14574pt too wide) in paragraph at lines 7--9
\OT1/cmr/bx/n/10 Cer-
 []


Overfull \hbox (17.8888pt too wide) in paragraph at lines 7--9
\OT1/cmr/bx/n/10 tifi-
 []


Overfull \hbox (20.44432pt too wide) in paragraph at lines 7--9
\OT1/cmr/bx/n/10 cate
 []


Overfull \hbox (18.91656pt too wide) in paragraph at lines 7--9
\OT1/cmr/bx/n/10 An-
 []


Overfull \hbox (14.8541pt too wide) in paragraph at lines 7--9
\OT1/cmr/bx/n/10 ve-
 []


Overfull \hbox (28.49423pt too wide) in paragraph at lines 7--9
\OT1/cmr/bx/n/10 shana
 []


Overfull \hbox (22.14574pt too wide) in paragraph at lines 7--9
\OT1/cmr/bx/n/10 Cer-
 []


Overfull \hbox (17.8888pt too wide) in paragraph at lines 7--9
\OT1/cmr/bx/n/10 tifi-
 []


Overfull \hbox (20.44432pt too wide) in paragraph at lines 7--9
\OT1/cmr/bx/n/10 cate 
 []

)
! Emergency stop.
<*> ./chap10.tex
                
*** (job aborted, no legal \end found)

 
Here is how much of TeX's memory you used:
 21 strings out of 479334
 453 string characters out of 2858509
 282611 words of memory out of 3000000
 17575 multiletter control sequences out of 15000+200000
 403738 words of font info for 28 fonts, out of 3000000 for 9000
 1141 hyphenation exceptions out of 8191
 13i,1n,15p,85b,62s stack positions out of 5000i,500n,10000p,200000b,50000s
!  ==> Fatal error occurred, no output PDF file produced!
