This is pdfTeX, Version 3.141592653-2.6-1.40.22 (MiKTeX 21.2) (preloaded format=pdflatex 2021.5.13)  17 MAY 2021 11:39
entering extended mode
**./trial.tex
(trial.tex
LaTeX2e <2020-10-01> patch level 4
L3 programming layer <2021-02-18> xparse <2020-03-03>
(C:\Users\HP\AppData\Local\Programs\MiKTeX\tex/latex/base\report.cls
Document Class: report 2020/04/10 v1.4m Standard LaTeX document class
(C:\Users\HP\AppData\Local\Programs\MiKTeX\tex/latex/base\size12.clo
File: size12.clo 2020/04/10 v1.4m Standard LaTeX file (size option)
)
\c@part=\count179
\c@chapter=\count180
\c@section=\count181
\c@subsection=\count182
\c@subsubsection=\count183
\c@paragraph=\count184
\c@subparagraph=\count185
\c@figure=\count186
\c@table=\count187
\abovecaptionskip=\skip47
\belowcaptionskip=\skip48
\bibindent=\dimen138
)
(C:\Users\HP\AppData\Local\Programs\MiKTeX\tex/latex/geometry\geometry.sty
Package: geometry 2020/01/02 v5.9 Page Geometry

(C:\Users\HP\AppData\Local\Programs\MiKTeX\tex/latex/graphics\keyval.sty
Package: keyval 2014/10/28 v1.15 key=value parser (DPC)
\KV@toks@=\toks15
)
(C:\Users\HP\AppData\Local\Programs\MiKTeX\tex/generic/iftex\ifvtex.sty
Package: ifvtex 2019/10/25 v1.7 ifvtex legacy package. Use iftex instead.

(C:\Users\HP\AppData\Local\Programs\MiKTeX\tex/generic/iftex\iftex.sty
Package: iftex 2020/03/06 v1.0d TeX engine tests
))
\Gm@cnth=\count188
\Gm@cntv=\count189
\c@Gm@tempcnt=\count190
\Gm@bindingoffset=\dimen139
\Gm@wd@mp=\dimen140
\Gm@odd@mp=\dimen141
\Gm@even@mp=\dimen142
\Gm@layoutwidth=\dimen143
\Gm@layoutheight=\dimen144
\Gm@layouthoffset=\dimen145
\Gm@layoutvoffset=\dimen146
\Gm@dimlist=\toks16

(C:\Users\HP\AppData\Local\Programs\MiKTeX\tex/latex/geometry\geometry.cfg))
(C:\Users\HP\AppData\Local\Programs\MiKTeX\tex/latex/amsfonts\amsfonts.sty
Package: amsfonts 2013/01/14 v3.01 Basic AMSFonts support
\@emptytoks=\toks17
\symAMSa=\mathgroup4
\symAMSb=\mathgroup5
LaTeX Font Info:    Redeclaring math symbol \hbar on input line 98.
LaTeX Font Info:    Overwriting math alphabet `\mathfrak' in version `bold'
(Font)                  U/euf/m/n --> U/euf/b/n on input line 106.
)
(C:\Users\HP\AppData\Local\Programs\MiKTeX\tex/latex/amsfonts\amssymb.sty
Package: amssymb 2013/01/14 v3.01 AMS font symbols
)
(C:\Users\HP\AppData\Local\Programs\MiKTeX\tex/latex/graphics\graphics.sty
Package: graphics 2020/08/30 v1.4c Standard LaTeX Graphics (DPC,SPQR)

(C:\Users\HP\AppData\Local\Programs\MiKTeX\tex/latex/graphics\trig.sty
Package: trig 2016/01/03 v1.10 sin cos tan (DPC)
)
(C:\Users\HP\AppData\Local\Programs\MiKTeX\tex/latex/graphics-cfg\graphics.cfg
File: graphics.cfg 2016/06/04 v1.11 sample graphics configuration
)
Package graphics Info: Driver file: pdftex.def on input line 105.
(C:\Users\HP\AppData\Local\Programs\MiKTeX\tex/latex/graphics-def\pdftex.def
File: pdftex.def 2020/10/05 v1.2a Graphics/color driver for pdftex
))
(C:\Users\HP\AppData\Local\Programs\MiKTeX\tex/latex/graphics\graphicx.sty
Package: graphicx 2020/09/09 v1.2b Enhanced LaTeX Graphics (DPC,SPQR)
\Gin@req@height=\dimen147
\Gin@req@width=\dimen148
)
(C:\Users\HP\AppData\Local\Programs\MiKTeX\tex/latex/amsmath\amsmath.sty
Package: amsmath 2020/09/23 v2.17i AMS math features
\@mathmargin=\skip49

For additional information on amsmath, use the `?' option.
(C:\Users\HP\AppData\Local\Programs\MiKTeX\tex/latex/amsmath\amstext.sty
Package: amstext 2000/06/29 v2.01 AMS text

(C:\Users\HP\AppData\Local\Programs\MiKTeX\tex/latex/amsmath\amsgen.sty
File: amsgen.sty 1999/11/30 v2.0 generic functions
\@emptytoks=\toks18
\ex@=\dimen149
))
(C:\Users\HP\AppData\Local\Programs\MiKTeX\tex/latex/amsmath\amsbsy.sty
Package: amsbsy 1999/11/29 v1.2d Bold Symbols
\pmbraise@=\dimen150
)
(C:\Users\HP\AppData\Local\Programs\MiKTeX\tex/latex/amsmath\amsopn.sty
Package: amsopn 2016/03/08 v2.02 operator names
)
\inf@bad=\count191
LaTeX Info: Redefining \frac on input line 234.
\uproot@=\count192
\leftroot@=\count193
LaTeX Info: Redefining \overline on input line 399.
\classnum@=\count194
\DOTSCASE@=\count195
LaTeX Info: Redefining \ldots on input line 496.
LaTeX Info: Redefining \dots on input line 499.
LaTeX Info: Redefining \cdots on input line 620.
\Mathstrutbox@=\box47
\strutbox@=\box48
\big@size=\dimen151
LaTeX Font Info:    Redeclaring font encoding OML on input line 743.
LaTeX Font Info:    Redeclaring font encoding OMS on input line 744.
\macc@depth=\count196
\c@MaxMatrixCols=\count197
\dotsspace@=\muskip16
\c@parentequation=\count198
\dspbrk@lvl=\count199
\tag@help=\toks19
\row@=\count266
\column@=\count267
\maxfields@=\count268
\andhelp@=\toks20
\eqnshift@=\dimen152
\alignsep@=\dimen153
\tagshift@=\dimen154
\tagwidth@=\dimen155
\totwidth@=\dimen156
\lineht@=\dimen157
\@envbody=\toks21
\multlinegap=\skip50
\multlinetaggap=\skip51
\mathdisplay@stack=\toks22
LaTeX Info: Redefining \[ on input line 2923.
LaTeX Info: Redefining \] on input line 2924.
)
(C:\Users\HP\AppData\Local\Programs\MiKTeX\tex/latex/latex-tools\array.sty
Package: array 2020/10/01 v2.5c Tabular extension package (FMi)
\col@sep=\dimen158
\ar@mcellbox=\box49
\extrarowheight=\dimen159
\NC@list=\toks23
\extratabsurround=\skip52
\backup@length=\skip53
\ar@cellbox=\box50
)
(C:\Users\HP\AppData\Local\Programs\MiKTeX\tex/latex/hyperref\hyperref.sty
Package: hyperref 2021-02-10 v7.00j Hypertext links for LaTeX

(C:\Users\HP\AppData\Local\Programs\MiKTeX\tex/generic/ltxcmds\ltxcmds.sty
Package: ltxcmds 2020-05-10 v1.25 LaTeX kernel commands for general use (HO)
)
(C:\Users\HP\AppData\Local\Programs\MiKTeX\tex/generic/pdftexcmds\pdftexcmds.st
y
Package: pdftexcmds 2020-06-27 v0.33 Utility functions of pdfTeX for LuaTeX (HO
)

(C:\Users\HP\AppData\Local\Programs\MiKTeX\tex/generic/infwarerr\infwarerr.sty
Package: infwarerr 2019/12/03 v1.5 Providing info/warning/error messages (HO)
)
Package pdftexcmds Info: \pdf@primitive is available.
Package pdftexcmds Info: \pdf@ifprimitive is available.
Package pdftexcmds Info: \pdfdraftmode found.
)
(C:\Users\HP\AppData\Local\Programs\MiKTeX\tex/generic/kvsetkeys\kvsetkeys.sty
Package: kvsetkeys 2019/12/15 v1.18 Key value parser (HO)
)
(C:\Users\HP\AppData\Local\Programs\MiKTeX\tex/generic/kvdefinekeys\kvdefinekey
s.sty
Package: kvdefinekeys 2019-12-19 v1.6 Define keys (HO)
)
(C:\Users\HP\AppData\Local\Programs\MiKTeX\tex/generic/pdfescape\pdfescape.sty
Package: pdfescape 2019/12/09 v1.15 Implements pdfTeX's escape features (HO)
) (C:\Users\HP\AppData\Local\Programs\MiKTeX\tex/latex/hycolor\hycolor.sty
Package: hycolor 2020-01-27 v1.10 Color options for hyperref/bookmark (HO)
)
(C:\Users\HP\AppData\Local\Programs\MiKTeX\tex/latex/letltxmacro\letltxmacro.st
y
Package: letltxmacro 2019/12/03 v1.6 Let assignment for LaTeX macros (HO)
) (C:\Users\HP\AppData\Local\Programs\MiKTeX\tex/latex/auxhook\auxhook.sty
Package: auxhook 2019-12-17 v1.6 Hooks for auxiliary files (HO)
)
(C:\Users\HP\AppData\Local\Programs\MiKTeX\tex/latex/kvoptions\kvoptions.sty
Package: kvoptions 2020-10-07 v3.14 Key value format for package options (HO)
)
\@linkdim=\dimen160
\Hy@linkcounter=\count269
\Hy@pagecounter=\count270

(C:\Users\HP\AppData\Local\Programs\MiKTeX\tex/latex/hyperref\pd1enc.def
File: pd1enc.def 2021-02-10 v7.00j Hyperref: PDFDocEncoding definition (HO)
Now handling font encoding PD1 ...
... no UTF-8 mapping file for font encoding PD1
)
(C:\Users\HP\AppData\Local\Programs\MiKTeX\tex/latex/hyperref\hyperref-langpatc
hes.def
File: hyperref-langpatches.def 2021-02-10 v7.00j Hyperref: patches for babel la
nguages
)
(C:\Users\HP\AppData\Local\Programs\MiKTeX\tex/generic/intcalc\intcalc.sty
Package: intcalc 2019/12/15 v1.3 Expandable calculations with integers (HO)
)
(C:\Users\HP\AppData\Local\Programs\MiKTeX\tex/generic/etexcmds\etexcmds.sty
Package: etexcmds 2019/12/15 v1.7 Avoid name clashes with e-TeX commands (HO)
)
\Hy@SavedSpaceFactor=\count271

(C:\Users\HP\AppData\Local\Programs\MiKTeX\tex/latex/hyperref\puenc.def
File: puenc.def 2021-02-10 v7.00j Hyperref: PDF Unicode definition (HO)
Now handling font encoding PU ...
... no UTF-8 mapping file for font encoding PU
)
Package hyperref Info: Option `final' set `true' on input line 4073.
Package hyperref Info: Hyper figures OFF on input line 4192.
Package hyperref Info: Link nesting OFF on input line 4197.
Package hyperref Info: Hyper index ON on input line 4200.
Package hyperref Info: Plain pages OFF on input line 4207.
Package hyperref Info: Backreferencing OFF on input line 4212.
Package hyperref Info: Implicit mode ON; LaTeX internals redefined.
Package hyperref Info: Bookmarks ON on input line 4445.
\c@Hy@tempcnt=\count272

(C:\Users\HP\AppData\Local\Programs\MiKTeX\tex/latex/url\url.sty
\Urlmuskip=\muskip17
Package: url 2013/09/16  ver 3.4  Verb mode for urls, etc.
)
LaTeX Info: Redefining \url on input line 4804.
\XeTeXLinkMargin=\dimen161

(C:\Users\HP\AppData\Local\Programs\MiKTeX\tex/generic/bitset\bitset.sty
Package: bitset 2019/12/09 v1.3 Handle bit-vector datatype (HO)

(C:\Users\HP\AppData\Local\Programs\MiKTeX\tex/generic/bigintcalc\bigintcalc.st
y
Package: bigintcalc 2019/12/15 v1.5 Expandable calculations on big integers (HO
)
))
\Fld@menulength=\count273
\Field@Width=\dimen162
\Fld@charsize=\dimen163
Package hyperref Info: Hyper figures OFF on input line 6075.
Package hyperref Info: Link nesting OFF on input line 6080.
Package hyperref Info: Hyper index ON on input line 6083.
Package hyperref Info: backreferencing OFF on input line 6090.
Package hyperref Info: Link coloring OFF on input line 6095.
Package hyperref Info: Link coloring with OCG OFF on input line 6100.
Package hyperref Info: PDF/A mode OFF on input line 6105.
LaTeX Info: Redefining \ref on input line 6145.
LaTeX Info: Redefining \pageref on input line 6149.
 (C:\Users\HP\AppData\Local\Programs\MiKTeX\tex/latex/base\atbegshi-ltx.sty
Package: atbegshi-ltx 2020/08/17 v1.0a Emulation of the original atbegshi packa
ge
with kernel methods
)
\Hy@abspage=\count274
\c@Item=\count275
\c@Hfootnote=\count276
)
Package hyperref Info: Driver: hpdftex.
 (C:\Users\HP\AppData\Local\Programs\MiKTeX\tex/latex/hyperref\hpdftex.def
File: hpdftex.def 2021-02-10 v7.00j Hyperref driver for pdfTeX

(C:\Users\HP\AppData\Local\Programs\MiKTeX\tex/latex/base\atveryend-ltx.sty
Package: atveryend-ltx 2020/08/19 v1.0a Emulation of the original atvery packag
e
with kernel methods
)
\Fld@listcount=\count277
\c@bookmark@seq@number=\count278

(C:\Users\HP\AppData\Local\Programs\MiKTeX\tex/latex/rerunfilecheck\rerunfilech
eck.sty
Package: rerunfilecheck 2019/12/05 v1.9 Rerun checks for auxiliary files (HO)

(C:\Users\HP\AppData\Local\Programs\MiKTeX\tex/generic/uniquecounter\uniquecoun
ter.sty
Package: uniquecounter 2019/12/15 v1.4 Provide unlimited unique counter (HO)
)
Package uniquecounter Info: New unique counter `rerunfilecheck' on input line 2
86.
)
\Hy@SectionHShift=\skip54
)
(C:\Users\HP\AppData\Local\Programs\MiKTeX\tex/latex/epstopdf-pkg\epstopdf.sty
Package: epstopdf 2020-01-24 v2.11 Conversion with epstopdf on the fly (HO)

(C:\Users\HP\AppData\Local\Programs\MiKTeX\tex/latex/grfext\grfext.sty
Package: grfext 2019/12/03 v1.3 Manage graphics extensions (HO)
)
(C:\Users\HP\AppData\Local\Programs\MiKTeX\tex/latex/epstopdf-pkg\epstopdf-base
.sty
Package: epstopdf-base 2020-01-24 v2.11 Base part for package epstopdf
Package epstopdf-base Info: Redefining graphics rule for `.eps' on input line 4
85.
Package grfext Info: Graphics extension search list:
(grfext)             [.pdf,.png,.jpg,.mps,.jpeg,.jbig2,.jb2,.PDF,.PNG,.JPG,.JPE
G,.JBIG2,.JB2,.eps]
(grfext)             \AppendGraphicsExtensions on input line 504.
))
(C:\Users\HP\AppData\Local\Programs\MiKTeX\tex/latex/setspace\setspace.sty
Package: setspace 2011/12/19 v6.7a set line spacing
)
(C:\Users\HP\AppData\Local\Programs\MiKTeX\tex/latex/natbib\natbib.sty
Package: natbib 2010/09/13 8.31b (PWD, AO)
\bibhang=\skip55
\bibsep=\skip56
LaTeX Info: Redefining \cite on input line 694.
\c@NAT@ctr=\count279
)
(C:\Users\HP\AppData\Local\Programs\MiKTeX\tex/latex/l3backend\l3backend-pdftex
.def
File: l3backend-pdftex.def 2021-02-18 L3 backend support: PDF output (pdfTeX)
\l__color_backend_stack_int=\count280
\l__pdf_internal_box=\box51
) (trial.aux

LaTeX Warning: Label `Bidirectional Visitor Counter' multiply defined.


LaTeX Warning: Label `Bidirectional Visitor Counter' multiply defined.

)
\openout1 = `trial.aux'.

LaTeX Font Info:    Checking defaults for OML/cmm/m/it on input line 36.
LaTeX Font Info:    ... okay on input line 36.
LaTeX Font Info:    Checking defaults for OMS/cmsy/m/n on input line 36.
LaTeX Font Info:    ... okay on input line 36.
LaTeX Font Info:    Checking defaults for OT1/cmr/m/n on input line 36.
LaTeX Font Info:    ... okay on input line 36.
LaTeX Font Info:    Checking defaults for T1/cmr/m/n on input line 36.
LaTeX Font Info:    ... okay on input line 36.
LaTeX Font Info:    Checking defaults for TS1/cmr/m/n on input line 36.
LaTeX Font Info:    ... okay on input line 36.
LaTeX Font Info:    Checking defaults for OMX/cmex/m/n on input line 36.
LaTeX Font Info:    ... okay on input line 36.
LaTeX Font Info:    Checking defaults for U/cmr/m/n on input line 36.
LaTeX Font Info:    ... okay on input line 36.
LaTeX Font Info:    Checking defaults for PD1/pdf/m/n on input line 36.
LaTeX Font Info:    ... okay on input line 36.
LaTeX Font Info:    Checking defaults for PU/pdf/m/n on input line 36.
LaTeX Font Info:    ... okay on input line 36.

*geometry* driver: auto-detecting
*geometry* detected driver: pdftex
*geometry* verbose mode - [ preamble ] result:
* driver: pdftex
* paper: a4paper
* layout: <same size as paper>
* layoutoffset:(h,v)=(0.0pt,0.0pt)
* modes: 
* h-part:(L,W,R)=(89.62709pt, 418.25368pt, 89.6271pt)
* v-part:(T,H,B)=(101.40665pt, 591.5302pt, 152.11pt)
* \paperwidth=597.50787pt
* \paperheight=845.04684pt
* \textwidth=418.25368pt
* \textheight=591.5302pt
* \oddsidemargin=17.3571pt
* \evensidemargin=17.3571pt
* \topmargin=-7.86334pt
* \headheight=12.0pt
* \headsep=25.0pt
* \topskip=12.0pt
* \footskip=30.0pt
* \marginparwidth=35.0pt
* \marginparsep=10.0pt
* \columnsep=10.0pt
* \skip\footins=10.8pt plus 4.0pt minus 2.0pt
* \hoffset=0.0pt
* \voffset=0.0pt
* \mag=1000
* \@twocolumnfalse
* \@twosidefalse
* \@mparswitchfalse
* \@reversemarginfalse
* (1in=72.27pt=25.4mm, 1cm=28.453pt)

(C:\Users\HP\AppData\Local\Programs\MiKTeX\tex/context/base/mkii\supp-pdf.mkii
[Loading MPS to PDF converter (version 2006.09.02).]
\scratchcounter=\count281
\scratchdimen=\dimen164
\scratchbox=\box52
\nofMPsegments=\count282
\nofMParguments=\count283
\everyMPshowfont=\toks24
\MPscratchCnt=\count284
\MPscratchDim=\dimen165
\MPnumerator=\count285
\makeMPintoPDFobject=\count286
\everyMPtoPDFconversion=\toks25
)
Package hyperref Info: Link coloring OFF on input line 36.
 (C:\Users\HP\AppData\Local\Programs\MiKTeX\tex/latex/hyperref\nameref.sty
Package: nameref 2021-04-02 v2.47 Cross-referencing by name of section

(C:\Users\HP\AppData\Local\Programs\MiKTeX\tex/latex/refcount\refcount.sty
Package: refcount 2019/12/15 v3.6 Data extraction from label references (HO)
)
(C:\Users\HP\AppData\Local\Programs\MiKTeX\tex/generic/gettitlestring\gettitles
tring.sty
Package: gettitlestring 2019/12/15 v1.6 Cleanup title references (HO)
)
\c@section@level=\count287
)
LaTeX Info: Redefining \ref on input line 36.
LaTeX Info: Redefining \pageref on input line 36.
LaTeX Info: Redefining \nameref on input line 36.
 (trial.out) (trial.out)
\@outlinefile=\write3
\openout3 = `trial.out'.

 (cover.tex
<11.png, id=150, 137.7647pt x 125.71968pt>
File: 11.png Graphic file (type png)
<use 11.png>
Package pdftex.def Info: 11.png  used on input line 37.
(pdftex.def)             Requested size: 137.76434pt x 125.71936pt.
<22.png, id=152, 110.66344pt x 105.39375pt>
File: 22.png Graphic file (type png)
<use 22.png>
Package pdftex.def Info: 22.png  used on input line 54.
(pdftex.def)             Requested size: 110.66315pt x 105.39348pt.
) [1

{C:/Users/HP/AppData/Local/MiKTeX/pdftex/config/pdftex.map} <./11.png> <./22.pn
g>] (cert.tex) (Project.tex
[2]) (declaration.tex [3]) [4] (ack.tex) [1] (trial.toc
LaTeX Font Info:    Trying to load font information for U+msa on input line 7.

(C:\Users\HP\AppData\Local\Programs\MiKTeX\tex/latex/amsfonts\umsa.fd
File: umsa.fd 2013/01/14 v3.01 AMS symbols A
)
LaTeX Font Info:    Trying to load font information for U+msb on input line 7.

(C:\Users\HP\AppData\Local\Programs\MiKTeX\tex/latex/amsfonts\umsb.fd
File: umsb.fd 2013/01/14 v3.01 AMS symbols B
)
Overfull \hbox (0.96565pt too wide) in paragraph at lines 9--9
 [][] [][]\OT1/cmr/m/n/12 Automatic Wa-ter Tank Fill-ing Sys-tem Con-trolled Us
-ing Ar-duinoTM 
 []

[2

])
\tf@toc=\write4
\openout4 = `trial.toc'.

 [3] (trial.lof)
\tf@lof=\write5
\openout5 = `trial.lof'.

 (abst.tex [4

]) [5] (chap1.tex
Chapter 1.
) (chap2.texpdfTeX warning (ext4): destination with the same identifier (name{p
age.1}) has been already used, duplicate ignored
<to be read again> 
                   \relax 
l.2 \chapter
            {Review of Literature} [1

]
Chapter 2.
pdfTeX warning (ext4): destination with the same identifier (name{page.2}) has 
been already used, duplicate ignored
<to be read again> 
                   \relax 
l.19   \newpage
                [2

]pdfTeX warning (ext4): destination with the same identifier (name{page.3}) has
 been already used, duplicate ignored
<to be read again> 
                   \relax 
l.26 \newpage
              [3]) (chap3.texpdfTeX warning (ext4): destination with the same i
dentifier (name{page.4}) has been already used, duplicate ignored
<to be read again> 
                   \relax 
l.2  \chapter
             {Existing System} [4]
Chapter 3.
) (chap4.tex [5

]
Chapter 4.
[6

]
<block.png, id=297, 831.70724pt x 457.71pt>
File: block.png Graphic file (type png)
<use block.png>
Package pdftex.def Info: block.png  used on input line 18.
(pdftex.def)             Requested size: 831.70522pt x 457.7089pt.

Overfull \hbox (8.5384pt too wide) in paragraph at lines 18--19
 [][] 
 []

) (chap5.tex [7 <./block.png>]
Chapter 5.
<41.jpg, id=303, 165.61874pt x 165.61874pt>
File: 41.jpg Graphic file (type jpg)
<use 41.jpg>
Package pdftex.def Info: 41.jpg  used on input line 13.
(pdftex.def)             Requested size: 165.61833pt x 165.61833pt.
[8

 <./41.jpg>] [9]
<42.png, id=312, 417.852pt x 101.835pt>
File: 42.png Graphic file (type png)
<use 42.png>
Package pdftex.def Info: 42.png  used on input line 29.
(pdftex.def)             Requested size: 417.85098pt x 101.83475pt.
 [10 <./42.png>]
<43.jpg, id=319, 451.6875pt x 274.77657pt>
File: 43.jpg Graphic file (type jpg)
<use 43.jpg>
Package pdftex.def Info: 43.jpg  used on input line 44.
(pdftex.def)             Requested size: 451.68639pt x 274.77588pt.
 [11 <./43.jpg>]
<44.jpg, id=324, 191.5155pt x 126.801pt>
File: 44.jpg Graphic file (type jpg)
<use 44.jpg>
Package pdftex.def Info: 44.jpg  used on input line 60.
(pdftex.def)             Requested size: 191.51501pt x 126.80067pt.
 [12 <./44.jpg>]
<45.jpg, id=329, 219.7665pt x 161.622pt>
File: 45.jpg Graphic file (type jpg)
<use 45.jpg>
Package pdftex.def Info: 45.jpg  used on input line 75.
(pdftex.def)             Requested size: 219.76595pt x 161.62158pt.
 [13 <./45.jpg>]
<46.png, id=334, 380.01974pt x 166.82326pt>
File: 46.png Graphic file (type png)
<use 46.png>
Package pdftex.def Info: 46.png  used on input line 92.
(pdftex.def)             Requested size: 380.01881pt x 166.82285pt.
 [14 <./46.png>]
<47.jpg, id=340, 602.25pt x 602.25pt>
File: 47.jpg Graphic file (type jpg)
<use 47.jpg>
Package pdftex.def Info: 47.jpg  used on input line 108.
(pdftex.def)             Requested size: 602.24852pt x 602.24852pt.
 [15 <./47.jpg>]
<48.png, id=345, 513.92pt x 385.44pt>
File: 48.png Graphic file (type png)
<use 48.png>
Package pdftex.def Info: 48.png  used on input line 125.
(pdftex.def)             Requested size: 513.91873pt x 385.43906pt.
 [16 <./48.png>]
<49.png, id=352, 706.43925pt x 534.19576pt>
File: 49.png Graphic file (type png)
<use 49.png>
Package pdftex.def Info: 49.png  used on input line 142.
(pdftex.def)             Requested size: 706.43753pt x 534.19446pt.
 [17 <./49.png>] [18]
<51.png, id=362, 643.40375pt x 440.64626pt>
File: 51.png Graphic file (type png)
<use 51.png>
Package pdftex.def Info: 51.png  used on input line 159.
(pdftex.def)             Requested size: 643.40218pt x 440.64517pt.

[19 <./51.png>]
<50.png, id=367, 906.9885pt x 481.19775pt>
File: 50.png Graphic file (type png)
<use 50.png>
Package pdftex.def Info: 50.png  used on input line 179.
(pdftex.def)             Requested size: 906.98628pt x 481.19658pt.
 [20 <./50.png>] [21]
<flowchart1.jpg, id=377, 739.8039pt x 811.3512pt>
File: flowchart1.jpg Graphic file (type jpg)
<use flowchart1.jpg>
Package pdftex.def Info: flowchart1.jpg  used on input line 255.
(pdftex.def)             Requested size: 739.8021pt x 811.34921pt.
<flowchart2.png, id=378, 1498.09688pt x 1517.67pt>
File: flowchart2.png Graphic file (type png)
<use flowchart2.png>
Package pdftex.def Info: flowchart2.png  used on input line 263.
(pdftex.def)             Requested size: 1498.09323pt x 1517.6663pt.

Overfull \hbox (8.5255pt too wide) in paragraph at lines 263--264
 [][] 
 []


LaTeX Warning: `h' float specifier changed to `ht'.

) (chap6.tex [22 <./flowchart1.jpg>] [23 <./flowchart2.png>]
Chapter 6.
<circuit1.png, id=389, 825.0825pt x 490.2315pt>
File: circuit1.png Graphic file (type png)
<use circuit1.png>
Package pdftex.def Info: circuit1.png  used on input line 9.
(pdftex.def)             Requested size: 825.08049pt x 490.2303pt.
[24

 <./circuit1.png>]
<circuit2.png, id=395, 566.71725pt x 481.19775pt>
File: circuit2.png Graphic file (type png)
<use circuit2.png>
Package pdftex.def Info: circuit2.png  used on input line 20.
(pdftex.def)             Requested size: 566.71587pt x 481.19658pt.
) (chap7.tex [25 <./circuit2.png>]
Chapter 7.
[26

]
<result1.jpg, id=405, 3650.63875pt x 2716.1475pt>
File: result1.jpg Graphic file (type jpg)
<use result1.jpg>
Package pdftex.def Info: result1.jpg  used on input line 14.
(pdftex.def)             Requested size: 3650.62988pt x 2716.1409pt.
<result2.jpg, id=406, 2550.52875pt x 4015.0pt>
File: result2.jpg Graphic file (type jpg)
<use result2.jpg>
Package pdftex.def Info: result2.jpg  used on input line 23.
(pdftex.def)             Requested size: 2550.52255pt x 4014.99026pt.
 [27 <./result1.jpg> <./result2.jpg>]
<result3.jpg, id=411, 4015.0pt x 3011.25pt>
File: result3.jpg Graphic file (type jpg)
<use result3.jpg>
Package pdftex.def Info: result3.jpg  used on input line 33.
(pdftex.def)             Requested size: 4014.99026pt x 3011.24269pt.
<result4.jpg, id=412, 2772.3575pt x 2752.2825pt>
File: result4.jpg Graphic file (type jpg)
<use result4.jpg>
Package pdftex.def Info: result4.jpg  used on input line 42.
(pdftex.def)             Requested size: 2772.35077pt x 2752.27582pt.
 [28 <./result3.jpg> <./result4.jpg>]
<result5.jpg, id=418, 1883.035pt x 1089.06876pt>
File: result5.jpg Graphic file (type jpg)
<use result5.jpg>
Package pdftex.def Info: result5.jpg  used on input line 52.
(pdftex.def)             Requested size: 1883.03043pt x 1089.0661pt.
<result6.jpg, id=419, 1084.05pt x 2238.3625pt>
File: result6.jpg Graphic file (type jpg)
<use result6.jpg>
Package pdftex.def Info: result6.jpg  used on input line 61.
(pdftex.def)             Requested size: 1084.04736pt x 2238.35707pt.
) (chap8.tex [29 <./result5.jpg> <./result6.jpg>]
Chapter 8.
[30

]) (chap9.tex [31]
Chapter 9.
) (chap10.tex [32

]
Chapter 10.
<certi1.jpg, id=437, 742.2129pt x 511.9125pt>
File: certi1.jpg Graphic file (type jpg)
<use certi1.jpg>
Package pdftex.def Info: certi1.jpg  used on input line 13.
(pdftex.def)             Requested size: 742.21109pt x 511.91125pt.
[33

 <./certi1.jpg>]
<certi2.jpg, id=442, 745.5855pt x 512.1534pt>
File: certi2.jpg Graphic file (type jpg)
<use certi2.jpg>
Package pdftex.def Info: certi2.jpg  used on input line 21.
(pdftex.def)             Requested size: 745.58368pt x 512.15215pt.
 [34 <./certi2.jpg>]
<chetan2.jpeg, id=448, 1084.05pt x 743.77875pt>
File: chetan2.jpeg Graphic file (type jpg)
<use chetan2.jpeg>
Package pdftex.def Info: chetan2.jpeg  used on input line 35.
(pdftex.def)             Requested size: 1084.04736pt x 743.77693pt.
<monish2.jpeg, id=449, 782.925pt x 542.77782pt>
File: monish2.jpeg Graphic file (type jpg)
<use monish2.jpeg>
Package pdftex.def Info: monish2.jpeg  used on input line 42.
(pdftex.def)             Requested size: 782.9231pt x 542.77649pt.
 [35 <./chetan2.jpeg> <./monish2.jpeg>]
<mitesh2.jpeg, id=454, 1050.92625pt x 730.73pt>
File: mitesh2.jpeg Graphic file (type jpg)
<use mitesh2.jpeg>
Package pdftex.def Info: mitesh2.jpeg  used on input line 51.
(pdftex.def)             Requested size: 1050.9237pt x 730.72821pt.
<sarvesh2.jpeg, id=455, 1039.885pt x 738.76pt>
File: sarvesh2.jpeg Graphic file (type jpg)
<use sarvesh2.jpeg>
Package pdftex.def Info: sarvesh2.jpeg  used on input line 58.
(pdftex.def)             Requested size: 1039.88246pt x 738.75818pt.
) [36 <./mitesh2.jpeg> <./sarvesh2.jpeg>] (trial.aux)

LaTeX Warning: There were multiply-defined labels.

Package rerunfilecheck Info: File `trial.out' has not changed.
(rerunfilecheck)             Checksum: D2FC33FB5F4CCD8C0865493E6804C151;5775.
 ) 
Here is how much of TeX's memory you used:
 10251 strings out of 479334
 148012 string characters out of 2858509
 449962 words of memory out of 3000000
 27418 multiletter control sequences out of 15000+200000
 411142 words of font info for 55 fonts, out of 3000000 for 9000
 1141 hyphenation exceptions out of 8191
 71i,6n,74p,1627b,356s stack positions out of 5000i,500n,10000p,200000b,50000s
 <C:\Users\HP\AppData\Local\MiKTeX\fonts/pk/ljfour/jknappen/ec/dpi600\tcrm120
0.pk><C:/Users/HP/AppData/Local/Programs/MiKTeX/fonts/type1/public/amsfonts/cm/
cmbx12.pfb><C:/Users/HP/AppData/Local/Programs/MiKTeX/fonts/type1/public/amsfon
ts/cm/cmr12.pfb>
Output written on trial.pdf (45 pages, 23728688 bytes).
PDF statistics:
 497 PDF objects out of 1000 (max. 8388607)
 99 named destinations out of 1000 (max. 500000)
 447 words of extra memory for PDF output out of 10000 (max. 10000000)

